Microsoft (R) Macro Assembler Version 14.00.24210.0	    02/20/18 11:30:52
didneykms.asm						     Page 1 - 1


				.586
				.model flat ,stdcall
				.stack 4096
				ExitProcess 	proto,dwExitCode:dword.data
didneykms.asm(4) : error A2008:syntax error : .
 00000000			.code
 00000000			main  proc
 00000000  B8 00000000			mov eax,0
 00000005  BB 00000000			mov ebx,0
 0000000A  B9 00000000			mov ecx,0
 0000000F  BA 00000000			mov edx,0
 00000014  B0 07			mov   al,7
 00000016  B7 02			mov   bh,2
 00000018  02 C7			add    al,bh
 0000001A  B8 00000000			mov   eax,0
 0000001F  BB 00000001			mov	ebx,1
 00000024  2B C3		sub eax,ebx
				invoke ExitProcess,0
didneykms.asm(17) : error A2006:undefined symbol : ExitProcess
 00000026			main  endp
				end  main
Microsoft (R) Macro Assembler Version 14.00.24210.0	    02/20/18 11:30:52
didneykms.asm						     Symbols 2 - 1




Segments and Groups:

                N a m e                 Size     Length   Align   Combine Class

FLAT . . . . . . . . . . . . . .	GROUP
STACK  . . . . . . . . . . . . .	32 Bit	 00001000 Para	  Stack	  'STACK'	 
_DATA  . . . . . . . . . . . . .	32 Bit	 00000000 Para	  Public  'DATA'	
_TEXT  . . . . . . . . . . . . .	32 Bit	 00000026 Para	  Public  'CODE'	


Procedures, parameters, and locals:

                N a m e                 Type     Value    Attr

main . . . . . . . . . . . . . .	P Near	 00000000 _TEXT	Length= 00000026 Public STDCALL


Symbols:

                N a m e                 Type     Value    Attr

@CodeSize  . . . . . . . . . . .	Number	 00000000h   
@DataSize  . . . . . . . . . . .	Number	 00000000h   
@Interface . . . . . . . . . . .	Number	 00000003h   
@Model . . . . . . . . . . . . .	Number	 00000007h   
@code  . . . . . . . . . . . . .	Text   	 _TEXT
@data  . . . . . . . . . . . . .	Text   	 FLAT
@fardata?  . . . . . . . . . . .	Text   	 FLAT
@fardata . . . . . . . . . . . .	Text   	 FLAT
@stack . . . . . . . . . . . . .	Text   	 FLAT

	   0 Warnings
	   2 Errors
